<?xml version="1.0" encoding="UTF-8"?>
<!-- Generated by org.testng.reporters.JUnitReportReporter -->
<testsuite hostname="LAPTOP-668BP5IR" failures="0" tests="1" name="com.kts.test.test" time="0.011" errors="0" timestamp="2023-04-03T08:43:48 IST" skipped="0">
  <testcase classname="com.kts.test.test" name="sample" time="0.011"/>
  <system-out/>
</testsuite> <!-- com.kts.test.test -->
