<?xml version="1.0" encoding="UTF-8"?>
<!-- Generated by org.testng.reporters.JUnitReportReporter -->
<testsuite hostname="LAPTOP-668BP5IR" failures="0" tests="1" name="com.kts.test.PostRequest" time="2.110" errors="0" timestamp="2023-02-22T21:54:14 IST" skipped="0">
  <testcase classname="com.kts.test.PostRequest" name="test1" time="2.110"/>
  <system-out/>
</testsuite> <!-- com.kts.test.PostRequest -->
