<?xml version="1.0" encoding="UTF-8"?>
<!-- Generated by org.testng.reporters.JUnitReportReporter -->
<testsuite hostname="LAPTOP-668BP5IR" failures="0" tests="1" name="com.kts.test.GetRequest" time="1.786" errors="0" timestamp="2023-02-21T12:14:33 IST" skipped="0">
  <testcase classname="com.kts.test.GetRequest" name="getTest" time="1.786"/>
  <system-out/>
</testsuite> <!-- com.kts.test.GetRequest -->
